{"timestamp":"2025-12-04T17:43:12.511344Z","level":"info","event":"DAG bundles loaded: dags-folder, example_dags","logger":"airflow.dag_processing.bundles.manager.DagBundlesManager","filename":"manager.py","lineno":179}
{"timestamp":"2025-12-04T17:43:12.512070Z","level":"info","event":"Filling up the DagBag from /workspaces/SIS2/airflow/dags/web_scrape/dag.py","logger":"airflow.models.dagbag.DagBag","filename":"dagbag.py","lineno":593}
{"timestamp":"2025-12-04T17:43:12.521583Z","level":"warning","event":"The `airflow.operators.python.PythonOperator` attribute is deprecated. Please use `'airflow.providers.standard.operators.python.PythonOperator'`.","category":"DeprecatedImportWarning","filename":"/workspaces/SIS2/airflow/dags/web_scrape/dag.py","lineno":3,"logger":"py.warnings"}
{"timestamp":"2025-12-04T17:43:12.575477Z","level":"info","event":"Task instance is in running state","logger":"task.stdout"}
{"timestamp":"2025-12-04T17:43:12.575606Z","level":"info","event":" Previous state of the Task instance: TaskInstanceState.QUEUED","logger":"task.stdout"}
{"timestamp":"2025-12-04T17:43:12.575887Z","level":"info","event":"Current task name:scrape_ispace","logger":"task.stdout"}
{"timestamp":"2025-12-04T17:43:12.576008Z","level":"info","event":"Dag name:web_scrape","logger":"task.stdout"}
{"timestamp":"2025-12-04T17:43:21.719689Z","level":"info","event":"{'name': 'iPad Pro 13 M5', 'memory': '256 ГБ', 'year': '2025', 'color': 'Space Black', 'price': '963\\xa0990\\xa0₸'}","logger":"task.stdout"}
{"timestamp":"2025-12-04T17:43:21.786077Z","level":"info","event":"{'name': 'iPad Pro 11 M5', 'memory': '256 ГБ', 'year': '2025', 'color': 'Space Black', 'price': '895\\xa0990\\xa0₸'}","logger":"task.stdout"}
{"timestamp":"2025-12-04T17:43:21.871938Z","level":"info","event":"{'name': 'iPad Air 13 M3', 'memory': '128 ГБ', 'year': '2025', 'color': 'Space Gray', 'price': '517\\xa0990\\xa0₸'}","logger":"task.stdout"}
{"timestamp":"2025-12-04T17:43:22.954835Z","level":"info","event":"{'name': 'iPad mini A17 Pro', 'memory': '128 ГБ', 'year': '2024', 'color': 'Space Gray', 'price': '370\\xa0990\\xa0₸'}","logger":"task.stdout"}
{"timestamp":"2025-12-04T17:43:23.781015Z","level":"info","event":"{'name': 'iPad A16', 'memory': '128 ГБ', 'year': '2025', 'color': 'Серебристый', 'price': '229\\xa0990\\xa0₸'}","logger":"task.stdout"}
{"timestamp":"2025-12-04T17:43:24.100333Z","level":"info","event":"{'name': 'iPad A16', 'memory': '128 ГБ', 'year': '2025', 'color': 'Синий', 'price': '229\\xa0990\\xa0₸'}","logger":"task.stdout"}
{"timestamp":"2025-12-04T17:43:24.238981Z","level":"info","event":"{'name': 'iPad mini A17 Pro', 'memory': '128 ГБ', 'year': '2024', 'color': 'Фиолетовый', 'price': '370\\xa0990\\xa0₸'}","logger":"task.stdout"}
{"timestamp":"2025-12-04T17:43:24.285023Z","level":"info","event":"{'name': 'iPad Pro 13 M5', 'memory': '256 ГБ', 'year': '2025', 'color': 'Space Black', 'price': '1\\xa0118\\xa0990\\xa0₸'}","logger":"task.stdout"}
{"timestamp":"2025-12-04T17:43:24.319982Z","level":"info","event":"{'name': 'iPad Air 13 M3', 'memory': '128 ГБ', 'year': '2025', 'color': 'Синий', 'price': '517\\xa0990\\xa0₸'}","logger":"task.stdout"}
{"timestamp":"2025-12-04T17:43:24.358364Z","level":"info","event":"{'name': 'iPad Air 13 M3', 'memory': '128 ГБ', 'year': '2025', 'color': 'Фиолетовый', 'price': '517\\xa0990\\xa0₸'}","logger":"task.stdout"}
{"timestamp":"2025-12-04T17:43:24.426432Z","level":"info","event":"{'name': 'iPad Pro 11 M4', 'memory': '256 ГБ', 'year': '2024', 'color': 'Серебристый', 'price': '741\\xa0990\\xa0₸'}","logger":"task.stdout"}
{"timestamp":"2025-12-04T17:43:24.478982Z","level":"info","event":"{'name': 'iPad A16', 'memory': '256 ГБ', 'year': '2025', 'color': 'Желтый', 'price': '332\\xa0990\\xa0₸'}","logger":"task.stdout"}
{"timestamp":"2025-12-04T17:43:24.509938Z","level":"info","event":"{'name': 'iPad Air 13 M3', 'memory': '512 ГБ', 'year': '2025', 'color': 'Синий', 'price': '740\\xa0990\\xa0₸'}","logger":"task.stdout"}
{"timestamp":"2025-12-04T17:43:24.563972Z","level":"info","event":"{'name': 'iPad Pro 11 M5', 'memory': '256 ГБ', 'year': '2025', 'color': 'Серебристый', 'price': '895\\xa0990\\xa0₸'}","logger":"task.stdout"}
{"timestamp":"2025-12-04T17:43:24.724688Z","level":"info","event":"{'name': 'iPad Air 11 M3', 'memory': '128 ГБ', 'year': '2025', 'color': 'Starlight', 'price': '369\\xa0990\\xa0₸'}","logger":"task.stdout"}
{"timestamp":"2025-12-04T17:43:24.771949Z","level":"info","event":"{'name': 'iPad Air 13 M3', 'memory': '512 ГБ', 'year': '2025', 'color': 'Space Gray', 'price': '740\\xa0990\\xa0₸'}","logger":"task.stdout"}
{"timestamp":"2025-12-04T17:43:24.851945Z","level":"info","event":"{'name': 'iPad Air 11 M3', 'memory': '128 ГБ', 'year': '2025', 'color': 'Синий', 'price': '369\\xa0990\\xa0₸'}","logger":"task.stdout"}
{"timestamp":"2025-12-04T17:43:24.901718Z","level":"info","event":"{'name': 'iPad Pro 11 M5', 'memory': '256 ГБ', 'year': '2025', 'color': 'Space Black', 'price': '741\\xa0990\\xa0₸'}","logger":"task.stdout"}
{"timestamp":"2025-12-04T17:43:24.950349Z","level":"info","event":"{'name': 'iPad Pro 11 M4', 'memory': '256 ГБ', 'year': '2024', 'color': 'Space Black', 'price': '741\\xa0990\\xa0₸'}","logger":"task.stdout"}
{"timestamp":"2025-12-04T17:43:24.993042Z","level":"info","event":"{'name': 'iPad A16', 'memory': '128 ГБ', 'year': '2025', 'color': 'Желтый', 'price': '229\\xa0990\\xa0₸'}","logger":"task.stdout"}
{"timestamp":"2025-12-04T17:43:25.025679Z","level":"info","event":"{'name': 'iPad Air 11 M3', 'memory': '128 ГБ', 'year': '2025', 'color': 'Фиолетовый', 'price': '369\\xa0990\\xa0₸'}","logger":"task.stdout"}
{"timestamp":"2025-12-04T17:43:30.132847Z","level":"info","event":"{'name': 'iPad Pro 13 M5', 'memory': '2 ТБ', 'year': '2025', 'color': 'Space Black', 'price': '1\\xa0705\\xa0990\\xa0₸'}","logger":"task.stdout"}
{"timestamp":"2025-12-04T17:43:30.150004Z","level":"info","event":"{'name': 'iPad Pro 11 M5', 'memory': '2 ТБ', 'year': '2025', 'color': 'Space Black', 'price': '1\\xa0483\\xa0990\\xa0₸'}","logger":"task.stdout"}
{"timestamp":"2025-12-04T17:43:30.169153Z","level":"info","event":"{'name': 'iPad Pro 13 M5', 'memory': '1 ТБ', 'year': '2025', 'color': 'Серебристый', 'price': '1\\xa0408\\xa0990\\xa0₸'}","logger":"task.stdout"}
{"timestamp":"2025-12-04T17:43:30.191211Z","level":"info","event":"{'name': 'iPad Pro 11 M5', 'memory': '1 ТБ', 'year': '2025', 'color': 'Space Black', 'price': '1\\xa0260\\xa0990\\xa0₸'}","logger":"task.stdout"}
{"timestamp":"2025-12-04T17:43:30.214957Z","level":"info","event":"{'name': 'iPad Pro 13 M5', 'memory': '512 ГБ', 'year': '2025', 'color': 'Серебристый', 'price': '1\\xa0112\\xa0990\\xa0₸'}","logger":"task.stdout"}
{"timestamp":"2025-12-04T17:43:30.235878Z","level":"info","event":"{'name': 'iPad Pro 11 M5', 'memory': '512 ГБ', 'year': '2025', 'color': 'Space Black', 'price': '1\\xa0043\\xa0990\\xa0₸'}","logger":"task.stdout"}
{"timestamp":"2025-12-04T17:43:30.252237Z","level":"info","event":"{'name': 'iPad Air 11 M3', 'memory': '128 ГБ', 'year': '2025', 'color': 'Space Gray', 'price': '369\\xa0990\\xa0₸'}","logger":"task.stdout"}
{"timestamp":"2025-12-04T17:43:30.270075Z","level":"info","event":"{'name': 'iPad Pro 13 M5', 'memory': '2 ТБ', 'year': '2025', 'color': 'Space Black', 'price': '1\\xa0934\\xa0990\\xa0₸'}","logger":"task.stdout"}
{"timestamp":"2025-12-04T17:43:30.287941Z","level":"info","event":"{'name': 'iPad Pro 13 M5', 'memory': '2 ТБ', 'year': '2025', 'color': 'Серебристый', 'price': '1\\xa0934\\xa0990\\xa0₸'}","logger":"task.stdout"}
{"timestamp":"2025-12-04T17:43:30.303406Z","level":"info","event":"{'name': 'iPad Pro 13 M5', 'memory': '2 ТБ', 'year': '2025', 'color': 'Серебристый', 'price': '1\\xa0860\\xa0990\\xa0₸'}","logger":"task.stdout"}
{"timestamp":"2025-12-04T17:43:30.320930Z","level":"info","event":"{'name': 'iPad Pro 13 M5', 'memory': '2 ТБ', 'year': '2025', 'color': 'Space Black', 'price': '1\\xa0860\\xa0990\\xa0₸'}","logger":"task.stdout"}
{"timestamp":"2025-12-04T17:43:30.340014Z","level":"info","event":"{'name': 'iPad Pro 13 M5', 'memory': '2 ТБ', 'year': '2025', 'color': 'Серебристый', 'price': '1\\xa0779\\xa0990\\xa0₸'}","logger":"task.stdout"}
{"timestamp":"2025-12-04T17:43:30.368792Z","level":"info","event":"{'name': 'iPad Pro 13 M5', 'memory': '2 ТБ', 'year': '2025', 'color': 'Space Black', 'price': '1\\xa0779\\xa0990\\xa0₸'}","logger":"task.stdout"}
{"timestamp":"2025-12-04T17:43:30.406406Z","level":"info","event":"{'name': 'iPad Pro 11 M5', 'memory': '2 ТБ', 'year': '2025', 'color': 'Серебристый', 'price': '1\\xa0711\\xa0990\\xa0₸'}","logger":"task.stdout"}
{"timestamp":"2025-12-04T17:43:30.439309Z","level":"info","event":"{'name': 'iPad Pro 11 M5', 'memory': '2 ТБ', 'year': '2025', 'color': 'Space Black', 'price': '1\\xa0711\\xa0990\\xa0₸'}","logger":"task.stdout"}
{"timestamp":"2025-12-04T17:43:30.458959Z","level":"info","event":"{'name': 'iPad Pro 13 M5', 'memory': '2 ТБ', 'year': '2025', 'color': 'Серебристый', 'price': '1\\xa0705\\xa0990\\xa0₸'}","logger":"task.stdout"}
{"timestamp":"2025-12-04T17:43:30.475149Z","level":"info","event":"{'name': 'iPad Pro 11 M5', 'memory': '2 ТБ', 'year': '2025', 'color': 'Серебристый', 'price': '1\\xa0637\\xa0990\\xa0₸'}","logger":"task.stdout"}
{"timestamp":"2025-12-04T17:43:30.490825Z","level":"info","event":"{'name': 'iPad Pro 11 M5', 'memory': '2 ТБ', 'year': '2025', 'color': 'Space Black', 'price': '1\\xa0637\\xa0990\\xa0₸'}","logger":"task.stdout"}
{"timestamp":"2025-12-04T17:43:30.505850Z","level":"info","event":"{'name': 'iPad Pro 13 M5', 'memory': '1 ТБ', 'year': '2025', 'color': 'Серебристый', 'price': '1\\xa0637\\xa0990\\xa0₸'}","logger":"task.stdout"}
{"timestamp":"2025-12-04T17:43:30.520627Z","level":"info","event":"{'name': 'iPad Pro 13 M5', 'memory': '1 ТБ', 'year': '2025', 'color': 'Space Black', 'price': '1\\xa0637\\xa0990\\xa0₸'}","logger":"task.stdout"}
{"timestamp":"2025-12-04T17:43:30.535604Z","level":"info","event":"{'name': 'iPad Pro 13 M5', 'memory': '1 ТБ', 'year': '2025', 'color': 'Серебристый', 'price': '1\\xa0563\\xa0990\\xa0₸'}","logger":"task.stdout"}
{"timestamp":"2025-12-04T17:43:34.893998Z","level":"info","event":"{'name': 'iPad Pro 13 M5', 'memory': '1 ТБ', 'year': '2025', 'color': 'Space Black', 'price': '1\\xa0563\\xa0990\\xa0₸'}","logger":"task.stdout"}
{"timestamp":"2025-12-04T17:43:34.986345Z","level":"info","event":"{'name': 'iPad Pro 11 M5', 'memory': '2 ТБ', 'year': '2025', 'color': 'Серебристый', 'price': '1\\xa0557\\xa0990\\xa0₸'}","logger":"task.stdout"}
{"timestamp":"2025-12-04T17:43:35.017608Z","level":"info","event":"{'name': 'iPad Pro 11 M5', 'memory': '2 ТБ', 'year': '2025', 'color': 'Space Black', 'price': '1\\xa0557\\xa0990\\xa0₸'}","logger":"task.stdout"}
{"timestamp":"2025-12-04T17:43:35.042145Z","level":"info","event":"{'name': 'iPad Pro 11 M5', 'memory': '2 ТБ', 'year': '2025', 'color': 'Серебристый', 'price': '1\\xa0483\\xa0990\\xa0₸'}","logger":"task.stdout"}
{"timestamp":"2025-12-04T17:43:35.071241Z","level":"info","event":"{'name': 'iPad Pro 13 M5', 'memory': '1 ТБ', 'year': '2025', 'color': 'Серебристый', 'price': '1\\xa0483\\xa0990\\xa0₸'}","logger":"task.stdout"}
{"timestamp":"2025-12-04T17:43:35.100259Z","level":"info","event":"{'name': 'iPad Pro 13 M5', 'memory': '1 ТБ', 'year': '2025', 'color': 'Space Black', 'price': '1\\xa0483\\xa0990\\xa0₸'}","logger":"task.stdout"}
{"timestamp":"2025-12-04T17:43:35.129496Z","level":"info","event":"{'name': 'iPad Pro 11 M5', 'memory': '1 ТБ', 'year': '2025', 'color': 'Серебристый', 'price': '1\\xa0414\\xa0990\\xa0₸'}","logger":"task.stdout"}
{"timestamp":"2025-12-04T17:43:35.151301Z","level":"info","event":"{'name': 'iPad Pro 11 M5', 'memory': '1 ТБ', 'year': '2025', 'color': 'Space Black', 'price': '1\\xa0414\\xa0990\\xa0₸'}","logger":"task.stdout"}
{"timestamp":"2025-12-04T17:43:35.174982Z","level":"info","event":"{'name': 'iPad Pro 13 M5', 'memory': '1 ТБ', 'year': '2025', 'color': 'Space Black', 'price': '1\\xa0408\\xa0990\\xa0₸'}","logger":"task.stdout"}
{"timestamp":"2025-12-04T17:43:35.199032Z","level":"info","event":"{'name': 'iPad Pro 11 M5', 'memory': '1 ТБ', 'year': '2025', 'color': 'Серебристый', 'price': '1\\xa0340\\xa0990\\xa0₸'}","logger":"task.stdout"}
{"timestamp":"2025-12-04T17:43:35.219430Z","level":"info","event":"{'name': 'iPad Pro 11 M5', 'memory': '1 ТБ', 'year': '2025', 'color': 'Space Black', 'price': '1\\xa0340\\xa0990\\xa0₸'}","logger":"task.stdout"}
{"timestamp":"2025-12-04T17:43:35.234422Z","level":"info","event":"{'name': 'iPad Pro 13 M5', 'memory': '512 ГБ', 'year': '2025', 'color': 'Серебристый', 'price': '1\\xa0266\\xa0990\\xa0₸'}","logger":"task.stdout"}
{"timestamp":"2025-12-04T17:43:35.252502Z","level":"info","event":"{'name': 'iPad Pro 13 M5', 'memory': '512 ГБ', 'year': '2025', 'color': 'Space Black', 'price': '1\\xa0266\\xa0990\\xa0₸'}","logger":"task.stdout"}
{"timestamp":"2025-12-04T17:43:35.270538Z","level":"info","event":"{'name': 'iPad Pro 11 M5', 'memory': '1 ТБ', 'year': '2025', 'color': 'Серебристый', 'price': '1\\xa0260\\xa0990\\xa0₸'}","logger":"task.stdout"}
{"timestamp":"2025-12-04T17:43:35.286177Z","level":"info","event":"{'name': 'iPad Pro 11 M5', 'memory': '1 ТБ', 'year': '2025', 'color': 'Серебристый', 'price': '1\\xa0186\\xa0990\\xa0₸'}","logger":"task.stdout"}
{"timestamp":"2025-12-04T17:43:35.303934Z","level":"info","event":"{'name': 'iPad Pro 11 M5', 'memory': '1 ТБ', 'year': '2025', 'color': 'Space Black', 'price': '1\\xa0186\\xa0990\\xa0₸'}","logger":"task.stdout"}
{"timestamp":"2025-12-04T17:43:35.320873Z","level":"info","event":"{'name': 'iPad Air 13 M3', 'memory': '1 ТБ', 'year': '2025', 'color': 'Синий', 'price': '1\\xa0123\\xa0990\\xa0₸'}","logger":"task.stdout"}
{"timestamp":"2025-12-04T17:43:35.340075Z","level":"info","event":"{'name': 'iPad Air 13 M3', 'memory': '1 ТБ', 'year': '2025', 'color': 'Starlight', 'price': '1\\xa0123\\xa0990\\xa0₸'}","logger":"task.stdout"}
{"timestamp":"2025-12-04T17:43:35.385673Z","level":"info","event":"{'name': 'iPad Air 13 M3', 'memory': '1 ТБ', 'year': '2025', 'color': 'Фиолетовый', 'price': '1\\xa0123\\xa0990\\xa0₸'}","logger":"task.stdout"}
{"timestamp":"2025-12-04T17:43:35.429476Z","level":"info","event":"{'name': 'iPad Pro 13 M5', 'memory': '256 ГБ', 'year': '2025', 'color': 'Серебристый', 'price': '1\\xa0118\\xa0990\\xa0₸'}","logger":"task.stdout"}
{"timestamp":"2025-12-04T17:43:35.460690Z","level":"info","event":"{'name': 'iPad Pro 13 M5', 'memory': '512 ГБ', 'year': '2025', 'color': 'Space Black', 'price': '1\\xa0112\\xa0990\\xa0₸'}","logger":"task.stdout"}
{"timestamp":"2025-12-04T17:43:40.442697Z","level":"info","event":"{'name': 'iPad Pro 11 M5', 'memory': '512 ГБ', 'year': '2025', 'color': 'Серебристый', 'price': '1\\xa0043\\xa0990\\xa0₸'}","logger":"task.stdout"}
{"timestamp":"2025-12-04T17:43:40.618388Z","level":"info","event":"{'name': 'iPad Pro 13 M5', 'memory': '256 ГБ', 'year': '2025', 'color': 'Серебристый', 'price': '963\\xa0990\\xa0₸'}","logger":"task.stdout"}
{"timestamp":"2025-12-04T17:43:40.646921Z","level":"info","event":"{'name': 'iPad Air 13 M3', 'memory': '1 ТБ', 'year': '2025', 'color': 'Space Gray', 'price': '952\\xa0990\\xa0₸'}","logger":"task.stdout"}
{"timestamp":"2025-12-04T17:43:40.705839Z","level":"info","event":"{'name': 'iPad Air 11 M3', 'memory': '1 ТБ', 'year': '2025', 'color': 'Starlight', 'price': '950\\xa0990\\xa0₸'}","logger":"task.stdout"}
{"timestamp":"2025-12-04T17:43:40.779201Z","level":"info","event":"{'name': 'iPad Air 11 M3', 'memory': '1 ТБ', 'year': '2025', 'color': 'Фиолетовый', 'price': '950\\xa0990\\xa0₸'}","logger":"task.stdout"}
{"timestamp":"2025-12-04T17:43:40.875429Z","level":"info","event":"{'name': 'iPad Pro 11 M5', 'memory': '512 ГБ', 'year': '2025', 'color': 'Серебристый', 'price': '889\\xa0990\\xa0₸'}","logger":"task.stdout"}
{"timestamp":"2025-12-04T17:43:40.951770Z","level":"info","event":"{'name': 'iPad Pro 11 M5', 'memory': '512 ГБ', 'year': '2025', 'color': 'Space Black', 'price': '889\\xa0990\\xa0₸'}","logger":"task.stdout"}
{"timestamp":"2025-12-04T17:43:41.021465Z","level":"info","event":"{'name': 'iPad Air 13 M3', 'memory': '512 ГБ', 'year': '2025', 'color': 'Starlight', 'price': '740\\xa0990\\xa0₸'}","logger":"task.stdout"}
{"timestamp":"2025-12-04T17:43:41.051292Z","level":"info","event":"{'name': 'iPad Air 13 M3', 'memory': '512 ГБ', 'year': '2025', 'color': 'Фиолетовый', 'price': '740\\xa0990\\xa0₸'}","logger":"task.stdout"}
{"timestamp":"2025-12-04T17:43:41.067269Z","level":"info","event":"{'name': 'iPad Air 11 M3', 'memory': '1 ТБ', 'year': '2025', 'color': 'Space Gray', 'price': '805\\xa0990\\xa0₸'}","logger":"task.stdout"}
{"timestamp":"2025-12-04T17:43:41.096175Z","level":"info","event":"{'name': 'iPad Air 11 M3', 'memory': '1 ТБ', 'year': '2025', 'color': 'Синий', 'price': '805\\xa0990\\xa0₸'}","logger":"task.stdout"}
{"timestamp":"2025-12-04T17:43:41.111754Z","level":"info","event":"{'name': 'iPad Pro 11 M5', 'memory': '256 ГБ', 'year': '2025', 'color': 'Серебристый', 'price': '741\\xa0990\\xa0₸'}","logger":"task.stdout"}
{"timestamp":"2025-12-04T17:43:41.127418Z","level":"info","event":"{'name': 'iPad Air 13 M3', 'memory': '256 ГБ', 'year': '2025', 'color': 'Space Gray', 'price': '592\\xa0990\\xa0₸'}","logger":"task.stdout"}
{"timestamp":"2025-12-04T17:43:41.146417Z","level":"info","event":"{'name': 'iPad Air 13 M3', 'memory': '256 ГБ', 'year': '2025', 'color': 'Синий', 'price': '592\\xa0990\\xa0₸'}","logger":"task.stdout"}
{"timestamp":"2025-12-04T17:43:41.168709Z","level":"info","event":"{'name': 'iPad Air 13 M3', 'memory': '256 ГБ', 'year': '2025', 'color': 'Starlight', 'price': '592\\xa0990\\xa0₸'}","logger":"task.stdout"}
{"timestamp":"2025-12-04T17:43:41.189862Z","level":"info","event":"{'name': 'iPad Air 13 M3', 'memory': '256 ГБ', 'year': '2025', 'color': 'Фиолетовый', 'price': '592\\xa0990\\xa0₸'}","logger":"task.stdout"}
{"timestamp":"2025-12-04T17:43:41.221728Z","level":"info","event":"{'name': 'iPad Air 11 M3', 'memory': '512 ГБ', 'year': '2025', 'color': 'Space Gray', 'price': '592\\xa0990\\xa0₸'}","logger":"task.stdout"}
{"timestamp":"2025-12-04T17:43:41.256051Z","level":"info","event":"{'name': 'iPad Air 11 M3', 'memory': '512 ГБ', 'year': '2025', 'color': 'Синий', 'price': '592\\xa0990\\xa0₸'}","logger":"task.stdout"}
{"timestamp":"2025-12-04T17:43:41.295140Z","level":"info","event":"{'name': 'iPad Air 11 M3', 'memory': '512 ГБ', 'year': '2025', 'color': 'Starlight', 'price': '592\\xa0990\\xa0₸'}","logger":"task.stdout"}
{"timestamp":"2025-12-04T17:43:41.314790Z","level":"info","event":"{'name': 'iPad Air 11 M3', 'memory': '512 ГБ', 'year': '2025', 'color': 'Фиолетовый', 'price': '592\\xa0990\\xa0₸'}","logger":"task.stdout"}
{"timestamp":"2025-12-04T17:43:41.341120Z","level":"info","event":"{'name': 'iPad Air 13 M3', 'memory': '128 ГБ', 'year': '2025', 'color': 'Starlight', 'price': '517\\xa0990\\xa0₸'}","logger":"task.stdout"}
{"timestamp":"2025-12-04T17:43:45.914114Z","level":"info","event":"{'name': 'iPad mini A17 Pro', 'memory': '512 ГБ', 'year': '2024', 'color': 'Space Gray', 'price': '592\\xa0990\\xa0₸'}","logger":"task.stdout"}
{"timestamp":"2025-12-04T17:43:45.957406Z","level":"info","event":"{'name': 'iPad mini A17 Pro', 'memory': '256 ГБ', 'year': '2024', 'color': 'Space Gray', 'price': '561\\xa0990\\xa0₸'}","logger":"task.stdout"}
{"timestamp":"2025-12-04T17:43:46.018129Z","level":"info","event":"{'name': 'iPad Air 11 M3', 'memory': '256 ГБ', 'year': '2025', 'color': 'Space Gray', 'price': '443\\xa0990\\xa0₸'}","logger":"task.stdout"}
{"timestamp":"2025-12-04T17:43:46.035484Z","level":"info","event":"{'name': 'iPad Air 11 M3', 'memory': '256 ГБ', 'year': '2025', 'color': 'Синий', 'price': '443\\xa0990\\xa0₸'}","logger":"task.stdout"}
{"timestamp":"2025-12-04T17:43:46.056076Z","level":"info","event":"{'name': 'iPad Air 11 M3', 'memory': '256 ГБ', 'year': '2025', 'color': 'Starlight', 'price': '443\\xa0990\\xa0₸'}","logger":"task.stdout"}
{"timestamp":"2025-12-04T17:43:46.071785Z","level":"info","event":"{'name': 'iPad Air 11 M3', 'memory': '256 ГБ', 'year': '2025', 'color': 'Фиолетовый', 'price': '443\\xa0990\\xa0₸'}","logger":"task.stdout"}
{"timestamp":"2025-12-04T17:43:46.087583Z","level":"info","event":"{'name': 'iPad mini A17 Pro', 'memory': '128 ГБ', 'year': '2024', 'color': 'Space Gray', 'price': '399\\xa0990\\xa0₸'}","logger":"task.stdout"}
{"timestamp":"2025-12-04T17:43:46.107271Z","level":"info","event":"{'name': 'iPad mini A17 Pro', 'memory': '128 ГБ', 'year': '2024', 'color': 'Синий', 'price': '487\\xa0990\\xa0₸'}","logger":"task.stdout"}
{"timestamp":"2025-12-04T17:43:46.122725Z","level":"info","event":"{'name': 'iPad mini A17 Pro', 'memory': '128 ГБ', 'year': '2024', 'color': 'Фиолетовый', 'price': '487\\xa0990\\xa0₸'}","logger":"task.stdout"}
{"timestamp":"2025-12-04T17:43:46.138935Z","level":"info","event":"{'name': 'iPad A16', 'memory': '512 ГБ', 'year': '2025', 'color': 'Серебристый', 'price': '481\\xa0990\\xa0₸'}","logger":"task.stdout"}
{"timestamp":"2025-12-04T17:43:46.156429Z","level":"info","event":"{'name': 'iPad A16', 'memory': '512 ГБ', 'year': '2025', 'color': 'Синий', 'price': '481\\xa0990\\xa0₸'}","logger":"task.stdout"}
{"timestamp":"2025-12-04T17:43:46.185858Z","level":"info","event":"{'name': 'iPad A16', 'memory': '512 ГБ', 'year': '2025', 'color': 'Желтый', 'price': '481\\xa0990\\xa0₸'}","logger":"task.stdout"}
{"timestamp":"2025-12-04T17:43:46.234944Z","level":"info","event":"{'name': 'iPad A16', 'memory': '512 ГБ', 'year': '2025', 'color': 'Розовый', 'price': '481\\xa0990\\xa0₸'}","logger":"task.stdout"}
{"timestamp":"2025-12-04T17:43:46.250718Z","level":"info","event":"{'name': 'iPad mini A17 Pro', 'memory': '256 ГБ', 'year': '2024', 'color': 'Space Gray', 'price': '444\\xa0990\\xa0₸'}","logger":"task.stdout"}
{"timestamp":"2025-12-04T17:43:46.269474Z","level":"info","event":"{'name': 'iPad mini A17 Pro', 'memory': '128 ГБ', 'year': '2024', 'color': 'Синий', 'price': '370\\xa0990\\xa0₸'}","logger":"task.stdout"}
{"timestamp":"2025-12-04T17:43:46.285267Z","level":"info","event":"{'name': 'iPad mini A17 Pro', 'memory': '128 ГБ', 'year': '2024', 'color': 'Starlight', 'price': '370\\xa0990\\xa0₸'}","logger":"task.stdout"}
{"timestamp":"2025-12-04T17:43:46.307157Z","level":"info","event":"{'name': 'iPad A16', 'memory': '256 ГБ', 'year': '2025', 'color': 'Серебристый', 'price': '332\\xa0990\\xa0₸'}","logger":"task.stdout"}
{"timestamp":"2025-12-04T17:43:46.324129Z","level":"info","event":"{'name': 'iPad A16', 'memory': '256 ГБ', 'year': '2025', 'color': 'Синий', 'price': '332\\xa0990\\xa0₸'}","logger":"task.stdout"}
{"timestamp":"2025-12-04T17:43:46.339455Z","level":"info","event":"{'name': 'iPad A16', 'memory': '256 ГБ', 'year': '2025', 'color': 'Розовый', 'price': '332\\xa0990\\xa0₸'}","logger":"task.stdout"}
{"timestamp":"2025-12-04T17:43:46.357805Z","level":"info","event":"{'name': 'iPad A16', 'memory': '128 ГБ', 'year': '2025', 'color': 'Розовый', 'price': '229\\xa0990\\xa0₸'}","logger":"task.stdout"}
{"timestamp":"2025-12-04T17:44:16.372690Z","level":"info","event":"Pagination ended: ElementHandle.click: Timeout 30000ms exceeded.","logger":"task.stdout"}
{"timestamp":"2025-12-04T17:44:16.375415Z","level":"info","event":"Call log:","logger":"task.stdout"}
{"timestamp":"2025-12-04T17:44:16.375563Z","level":"info","event":"attempting click action","logger":"task.stdout"}
{"timestamp":"2025-12-04T17:44:16.375657Z","level":"info","event":"  -   waiting for element to be visible, enabled and stable","logger":"task.stdout"}
{"timestamp":"2025-12-04T17:44:16.375763Z","level":"info","event":"  -   element is not visible","logger":"task.stdout"}
{"timestamp":"2025-12-04T17:44:16.375851Z","level":"info","event":"  - retrying click action, attempt #1","logger":"task.stdout"}
{"timestamp":"2025-12-04T17:44:16.375959Z","level":"info","event":"  -   waiting for element to be visible, enabled and stable","logger":"task.stdout"}
{"timestamp":"2025-12-04T17:44:16.376041Z","level":"info","event":"  -   element is not visible","logger":"task.stdout"}
{"timestamp":"2025-12-04T17:44:16.376118Z","level":"info","event":"  - retrying click action, attempt #2","logger":"task.stdout"}
{"timestamp":"2025-12-04T17:44:16.376193Z","level":"info","event":"  -   waiting 20ms","logger":"task.stdout"}
{"timestamp":"2025-12-04T17:44:16.376268Z","level":"info","event":"  -   waiting for element to be visible, enabled and stable","logger":"task.stdout"}
{"timestamp":"2025-12-04T17:44:16.376344Z","level":"info","event":"  -   element is not visible","logger":"task.stdout"}
{"timestamp":"2025-12-04T17:44:16.376418Z","level":"info","event":"  - retrying click action, attempt #3","logger":"task.stdout"}
{"timestamp":"2025-12-04T17:44:16.376491Z","level":"info","event":"  -   waiting 100ms","logger":"task.stdout"}
{"timestamp":"2025-12-04T17:44:16.376565Z","level":"info","event":"  -   waiting for element to be visible, enabled and stable","logger":"task.stdout"}
{"timestamp":"2025-12-04T17:44:16.376638Z","level":"info","event":"  -   element is not visible","logger":"task.stdout"}
{"timestamp":"2025-12-04T17:44:16.376710Z","level":"info","event":"  - retrying click action, attempt #4","logger":"task.stdout"}
{"timestamp":"2025-12-04T17:44:16.376781Z","level":"info","event":"  -   waiting 100ms","logger":"task.stdout"}
{"timestamp":"2025-12-04T17:44:16.376851Z","level":"info","event":"  -   waiting for element to be visible, enabled and stable","logger":"task.stdout"}
{"timestamp":"2025-12-04T17:44:16.387998Z","level":"info","event":"  -   element is not visible","logger":"task.stdout"}
{"timestamp":"2025-12-04T17:44:16.388103Z","level":"info","event":"  - retrying click action, attempt #5","logger":"task.stdout"}
{"timestamp":"2025-12-04T17:44:16.388187Z","level":"info","event":"  -   waiting 500ms","logger":"task.stdout"}
{"timestamp":"2025-12-04T17:44:16.388253Z","level":"info","event":"  -   waiting for element to be visible, enabled and stable","logger":"task.stdout"}
{"timestamp":"2025-12-04T17:44:16.388317Z","level":"info","event":"  -   element is not visible","logger":"task.stdout"}
{"timestamp":"2025-12-04T17:44:16.388376Z","level":"info","event":"  - retrying click action, attempt #6","logger":"task.stdout"}
{"timestamp":"2025-12-04T17:44:16.388435Z","level":"info","event":"  -   waiting 500ms","logger":"task.stdout"}
{"timestamp":"2025-12-04T17:44:16.388494Z","level":"info","event":"  -   waiting for element to be visible, enabled and stable","logger":"task.stdout"}
{"timestamp":"2025-12-04T17:44:16.388552Z","level":"info","event":"  -   element is not visible","logger":"task.stdout"}
{"timestamp":"2025-12-04T17:44:16.388610Z","level":"info","event":"  - retrying click action, attempt #7","logger":"task.stdout"}
{"timestamp":"2025-12-04T17:44:16.388667Z","level":"info","event":"  -   waiting 500ms","logger":"task.stdout"}
{"timestamp":"2025-12-04T17:44:16.388722Z","level":"info","event":"  -   waiting for element to be visible, enabled and stable","logger":"task.stdout"}
{"timestamp":"2025-12-04T17:44:16.388779Z","level":"info","event":"  -   element is not visible","logger":"task.stdout"}
{"timestamp":"2025-12-04T17:44:16.388835Z","level":"info","event":"  - retrying click action, attempt #8","logger":"task.stdout"}
{"timestamp":"2025-12-04T17:44:16.388891Z","level":"info","event":"  -   waiting 500ms","logger":"task.stdout"}
{"timestamp":"2025-12-04T17:44:16.388981Z","level":"info","event":"  -   waiting for element to be visible, enabled and stable","logger":"task.stdout"}
{"timestamp":"2025-12-04T17:44:16.389041Z","level":"info","event":"  -   element is not visible","logger":"task.stdout"}
{"timestamp":"2025-12-04T17:44:16.389099Z","level":"info","event":"  - retrying click action, attempt #9","logger":"task.stdout"}
{"timestamp":"2025-12-04T17:44:16.389162Z","level":"info","event":"  -   waiting 500ms","logger":"task.stdout"}
{"timestamp":"2025-12-04T17:44:16.389222Z","level":"info","event":"  -   waiting for element to be visible, enabled and stable","logger":"task.stdout"}
{"timestamp":"2025-12-04T17:44:16.389278Z","level":"info","event":"  -   element is not visible","logger":"task.stdout"}
{"timestamp":"2025-12-04T17:44:16.389335Z","level":"info","event":"  - retrying click action, attempt #10","logger":"task.stdout"}
{"timestamp":"2025-12-04T17:44:16.389390Z","level":"info","event":"  -   waiting 500ms","logger":"task.stdout"}
{"timestamp":"2025-12-04T17:44:16.389447Z","level":"info","event":"  -   waiting for element to be visible, enabled and stable","logger":"task.stdout"}
{"timestamp":"2025-12-04T17:44:16.389502Z","level":"info","event":"  -   element is not visible","logger":"task.stdout"}
{"timestamp":"2025-12-04T17:44:16.389559Z","level":"info","event":"  - retrying click action, attempt #11","logger":"task.stdout"}
{"timestamp":"2025-12-04T17:44:16.389615Z","level":"info","event":"  -   waiting 500ms","logger":"task.stdout"}
{"timestamp":"2025-12-04T17:44:16.389670Z","level":"info","event":"  -   waiting for element to be visible, enabled and stable","logger":"task.stdout"}
{"timestamp":"2025-12-04T17:44:16.389726Z","level":"info","event":"  -   element is not visible","logger":"task.stdout"}
{"timestamp":"2025-12-04T17:44:16.389782Z","level":"info","event":"  - retrying click action, attempt #12","logger":"task.stdout"}
{"timestamp":"2025-12-04T17:44:16.389838Z","level":"info","event":"  -   waiting 500ms","logger":"task.stdout"}
{"timestamp":"2025-12-04T17:44:16.389893Z","level":"info","event":"  -   waiting for element to be visible, enabled and stable","logger":"task.stdout"}
{"timestamp":"2025-12-04T17:44:16.396072Z","level":"info","event":"  -   element is not visible","logger":"task.stdout"}
{"timestamp":"2025-12-04T17:44:16.396178Z","level":"info","event":"  - retrying click action, attempt #13","logger":"task.stdout"}
{"timestamp":"2025-12-04T17:44:16.396270Z","level":"info","event":"  -   waiting 500ms","logger":"task.stdout"}
{"timestamp":"2025-12-04T17:44:16.396354Z","level":"info","event":"  -   waiting for element to be visible, enabled and stable","logger":"task.stdout"}
{"timestamp":"2025-12-04T17:44:16.396435Z","level":"info","event":"  -   element is not visible","logger":"task.stdout"}
{"timestamp":"2025-12-04T17:44:16.396515Z","level":"info","event":"  - retrying click action, attempt #14","logger":"task.stdout"}
{"timestamp":"2025-12-04T17:44:16.398946Z","level":"info","event":"  -   waiting 500ms","logger":"task.stdout"}
{"timestamp":"2025-12-04T17:44:16.399075Z","level":"info","event":"  -   waiting for element to be visible, enabled and stable","logger":"task.stdout"}
{"timestamp":"2025-12-04T17:44:16.399168Z","level":"info","event":"  -   element is not visible","logger":"task.stdout"}
{"timestamp":"2025-12-04T17:44:16.399255Z","level":"info","event":"  - retrying click action, attempt #15","logger":"task.stdout"}
{"timestamp":"2025-12-04T17:44:16.399338Z","level":"info","event":"  -   waiting 500ms","logger":"task.stdout"}
{"timestamp":"2025-12-04T17:44:16.399424Z","level":"info","event":"  -   waiting for element to be visible, enabled and stable","logger":"task.stdout"}
{"timestamp":"2025-12-04T17:44:16.399507Z","level":"info","event":"  -   element is not visible","logger":"task.stdout"}
{"timestamp":"2025-12-04T17:44:16.399589Z","level":"info","event":"  - retrying click action, attempt #16","logger":"task.stdout"}
{"timestamp":"2025-12-04T17:44:16.399669Z","level":"info","event":"  -   waiting 500ms","logger":"task.stdout"}
{"timestamp":"2025-12-04T17:44:16.399748Z","level":"info","event":"  -   waiting for element to be visible, enabled and stable","logger":"task.stdout"}
{"timestamp":"2025-12-04T17:44:16.399827Z","level":"info","event":"  -   element is not visible","logger":"task.stdout"}
{"timestamp":"2025-12-04T17:44:16.399929Z","level":"info","event":"  - retrying click action, attempt #17","logger":"task.stdout"}
{"timestamp":"2025-12-04T17:44:16.401454Z","level":"info","event":"  -   waiting 500ms","logger":"task.stdout"}
{"timestamp":"2025-12-04T17:44:16.401580Z","level":"info","event":"  -   waiting for element to be visible, enabled and stable","logger":"task.stdout"}
{"timestamp":"2025-12-04T17:44:16.401677Z","level":"info","event":"  -   element is not visible","logger":"task.stdout"}
{"timestamp":"2025-12-04T17:44:16.401774Z","level":"info","event":"  - retrying click action, attempt #18","logger":"task.stdout"}
{"timestamp":"2025-12-04T17:44:16.401866Z","level":"info","event":"  -   waiting 500ms","logger":"task.stdout"}
{"timestamp":"2025-12-04T17:44:16.401985Z","level":"info","event":"  -   waiting for element to be visible, enabled and stable","logger":"task.stdout"}
{"timestamp":"2025-12-04T17:44:16.402070Z","level":"info","event":"  -   element is not visible","logger":"task.stdout"}
{"timestamp":"2025-12-04T17:44:16.402151Z","level":"info","event":"  - retrying click action, attempt #19","logger":"task.stdout"}
{"timestamp":"2025-12-04T17:44:16.402231Z","level":"info","event":"  -   waiting 500ms","logger":"task.stdout"}
{"timestamp":"2025-12-04T17:44:16.402311Z","level":"info","event":"  -   waiting for element to be visible, enabled and stable","logger":"task.stdout"}
{"timestamp":"2025-12-04T17:44:16.402391Z","level":"info","event":"  -   element is not visible","logger":"task.stdout"}
{"timestamp":"2025-12-04T17:44:16.402471Z","level":"info","event":"  - retrying click action, attempt #20","logger":"task.stdout"}
{"timestamp":"2025-12-04T17:44:16.402559Z","level":"info","event":"  -   waiting 500ms","logger":"task.stdout"}
{"timestamp":"2025-12-04T17:44:16.402640Z","level":"info","event":"  -   waiting for element to be visible, enabled and stable","logger":"task.stdout"}
{"timestamp":"2025-12-04T17:44:16.402719Z","level":"info","event":"  -   element is not visible","logger":"task.stdout"}
{"timestamp":"2025-12-04T17:44:16.402798Z","level":"info","event":"  - retrying click action, attempt #21","logger":"task.stdout"}
{"timestamp":"2025-12-04T17:44:16.404437Z","level":"info","event":"  -   waiting 500ms","logger":"task.stdout"}
{"timestamp":"2025-12-04T17:44:16.404569Z","level":"info","event":"  -   waiting for element to be visible, enabled and stable","logger":"task.stdout"}
{"timestamp":"2025-12-04T17:44:16.404680Z","level":"info","event":"  -   element is not visible","logger":"task.stdout"}
{"timestamp":"2025-12-04T17:44:16.404964Z","level":"info","event":"  - retrying click action, attempt #22","logger":"task.stdout"}
{"timestamp":"2025-12-04T17:44:16.405094Z","level":"info","event":"  -   waiting 500ms","logger":"task.stdout"}
{"timestamp":"2025-12-04T17:44:16.405203Z","level":"info","event":"  -   waiting for element to be visible, enabled and stable","logger":"task.stdout"}
{"timestamp":"2025-12-04T17:44:16.405314Z","level":"info","event":"  -   element is not visible","logger":"task.stdout"}
{"timestamp":"2025-12-04T17:44:16.405416Z","level":"info","event":"  - retrying click action, attempt #23","logger":"task.stdout"}
{"timestamp":"2025-12-04T17:44:16.405524Z","level":"info","event":"  -   waiting 500ms","logger":"task.stdout"}
{"timestamp":"2025-12-04T17:44:16.405751Z","level":"info","event":"  -   waiting for element to be visible, enabled and stable","logger":"task.stdout"}
{"timestamp":"2025-12-04T17:44:16.406044Z","level":"info","event":"  -   element is not visible","logger":"task.stdout"}
{"timestamp":"2025-12-04T17:44:16.406192Z","level":"info","event":"  - retrying click action, attempt #24","logger":"task.stdout"}
{"timestamp":"2025-12-04T17:44:16.407886Z","level":"info","event":"  -   waiting 500ms","logger":"task.stdout"}
{"timestamp":"2025-12-04T17:44:16.408097Z","level":"info","event":"  -   waiting for element to be visible, enabled and stable","logger":"task.stdout"}
{"timestamp":"2025-12-04T17:44:16.408251Z","level":"info","event":"  -   element is not visible","logger":"task.stdout"}
{"timestamp":"2025-12-04T17:44:16.408360Z","level":"info","event":"  - retrying click action, attempt #25","logger":"task.stdout"}
{"timestamp":"2025-12-04T17:44:16.408509Z","level":"info","event":"  -   waiting 500ms","logger":"task.stdout"}
{"timestamp":"2025-12-04T17:44:16.408824Z","level":"info","event":"  -   waiting for element to be visible, enabled and stable","logger":"task.stdout"}
{"timestamp":"2025-12-04T17:44:16.411438Z","level":"info","event":"  -   element is not visible","logger":"task.stdout"}
{"timestamp":"2025-12-04T17:44:16.411562Z","level":"info","event":"  - retrying click action, attempt #26","logger":"task.stdout"}
{"timestamp":"2025-12-04T17:44:16.411662Z","level":"info","event":"  -   waiting 500ms","logger":"task.stdout"}
{"timestamp":"2025-12-04T17:44:16.411760Z","level":"info","event":"  -   waiting for element to be visible, enabled and stable","logger":"task.stdout"}
{"timestamp":"2025-12-04T17:44:16.411849Z","level":"info","event":"  -   element is not visible","logger":"task.stdout"}
{"timestamp":"2025-12-04T17:44:16.412409Z","level":"info","event":"  - retrying click action, attempt #27","logger":"task.stdout"}
{"timestamp":"2025-12-04T17:44:16.412864Z","level":"info","event":"  -   waiting 500ms","logger":"task.stdout"}
{"timestamp":"2025-12-04T17:44:16.414122Z","level":"info","event":"  -   waiting for element to be visible, enabled and stable","logger":"task.stdout"}
{"timestamp":"2025-12-04T17:44:16.415023Z","level":"info","event":"  -   element is not visible","logger":"task.stdout"}
{"timestamp":"2025-12-04T17:44:16.415411Z","level":"info","event":"  - retrying click action, attempt #28","logger":"task.stdout"}
{"timestamp":"2025-12-04T17:44:16.416946Z","level":"info","event":"  -   waiting 500ms","logger":"task.stdout"}
{"timestamp":"2025-12-04T17:44:16.417218Z","level":"info","event":"  -   waiting for element to be visible, enabled and stable","logger":"task.stdout"}
{"timestamp":"2025-12-04T17:44:16.418097Z","level":"info","event":"  -   element is not visible","logger":"task.stdout"}
{"timestamp":"2025-12-04T17:44:16.423962Z","level":"info","event":"  - retrying click action, attempt #29","logger":"task.stdout"}
{"timestamp":"2025-12-04T17:44:16.424096Z","level":"info","event":"  -   waiting 500ms","logger":"task.stdout"}
{"timestamp":"2025-12-04T17:44:16.424203Z","level":"info","event":"  -   waiting for element to be visible, enabled and stable","logger":"task.stdout"}
{"timestamp":"2025-12-04T17:44:16.424302Z","level":"info","event":"  -   element is not visible","logger":"task.stdout"}
{"timestamp":"2025-12-04T17:44:16.424420Z","level":"info","event":"  - retrying click action, attempt #30","logger":"task.stdout"}
{"timestamp":"2025-12-04T17:44:16.424535Z","level":"info","event":"  -   waiting 500ms","logger":"task.stdout"}
{"timestamp":"2025-12-04T17:44:16.424640Z","level":"info","event":"  -   waiting for element to be visible, enabled and stable","logger":"task.stdout"}
{"timestamp":"2025-12-04T17:44:16.424801Z","level":"info","event":"  -   element is not visible","logger":"task.stdout"}
{"timestamp":"2025-12-04T17:44:16.425174Z","level":"info","event":"  - retrying click action, attempt #31","logger":"task.stdout"}
{"timestamp":"2025-12-04T17:44:16.425513Z","level":"info","event":"  -   waiting 500ms","logger":"task.stdout"}
{"timestamp":"2025-12-04T17:44:16.428030Z","level":"info","event":"  -   waiting for element to be visible, enabled and stable","logger":"task.stdout"}
{"timestamp":"2025-12-04T17:44:16.428162Z","level":"info","event":"  -   element is not visible","logger":"task.stdout"}
{"timestamp":"2025-12-04T17:44:16.428277Z","level":"info","event":"  - retrying click action, attempt #32","logger":"task.stdout"}
{"timestamp":"2025-12-04T17:44:16.429960Z","level":"info","event":"  -   waiting 500ms","logger":"task.stdout"}
{"timestamp":"2025-12-04T17:44:16.430093Z","level":"info","event":"  -   waiting for element to be visible, enabled and stable","logger":"task.stdout"}
{"timestamp":"2025-12-04T17:44:16.436240Z","level":"info","event":"  -   element is not visible","logger":"task.stdout"}
{"timestamp":"2025-12-04T17:44:16.436382Z","level":"info","event":"  - retrying click action, attempt #33","logger":"task.stdout"}
{"timestamp":"2025-12-04T17:44:16.436611Z","level":"info","event":"  -   waiting 500ms","logger":"task.stdout"}
{"timestamp":"2025-12-04T17:44:16.436849Z","level":"info","event":"  -   waiting for element to be visible, enabled and stable","logger":"task.stdout"}
{"timestamp":"2025-12-04T17:44:16.437016Z","level":"info","event":"  -   element is not visible","logger":"task.stdout"}
{"timestamp":"2025-12-04T17:44:16.437118Z","level":"info","event":"  - retrying click action, attempt #34","logger":"task.stdout"}
{"timestamp":"2025-12-04T17:44:16.437217Z","level":"info","event":"  -   waiting 500ms","logger":"task.stdout"}
{"timestamp":"2025-12-04T17:44:16.437307Z","level":"info","event":"  -   waiting for element to be visible, enabled and stable","logger":"task.stdout"}
{"timestamp":"2025-12-04T17:44:16.438104Z","level":"info","event":"  -   element is not visible","logger":"task.stdout"}
{"timestamp":"2025-12-04T17:44:16.438650Z","level":"info","event":"  - retrying click action, attempt #35","logger":"task.stdout"}
{"timestamp":"2025-12-04T17:44:16.438954Z","level":"info","event":"  -   waiting 500ms","logger":"task.stdout"}
{"timestamp":"2025-12-04T17:44:16.441947Z","level":"info","event":"  -   waiting for element to be visible, enabled and stable","logger":"task.stdout"}
{"timestamp":"2025-12-04T17:44:16.442187Z","level":"info","event":"  -   element is not visible","logger":"task.stdout"}
{"timestamp":"2025-12-04T17:44:16.442437Z","level":"info","event":"  - retrying click action, attempt #36","logger":"task.stdout"}
{"timestamp":"2025-12-04T17:44:16.443086Z","level":"info","event":"  -   waiting 500ms","logger":"task.stdout"}
{"timestamp":"2025-12-04T17:44:16.453955Z","level":"info","event":"  -   waiting for element to be visible, enabled and stable","logger":"task.stdout"}
{"timestamp":"2025-12-04T17:44:16.454090Z","level":"info","event":"  -   element is not visible","logger":"task.stdout"}
{"timestamp":"2025-12-04T17:44:16.454191Z","level":"info","event":"  - retrying click action, attempt #37","logger":"task.stdout"}
{"timestamp":"2025-12-04T17:44:16.454284Z","level":"info","event":"  -   waiting 500ms","logger":"task.stdout"}
{"timestamp":"2025-12-04T17:44:16.454371Z","level":"info","event":"  -   waiting for element to be visible, enabled and stable","logger":"task.stdout"}
{"timestamp":"2025-12-04T17:44:16.454457Z","level":"info","event":"  -   element is not visible","logger":"task.stdout"}
{"timestamp":"2025-12-04T17:44:16.454541Z","level":"info","event":"  - retrying click action, attempt #38","logger":"task.stdout"}
{"timestamp":"2025-12-04T17:44:16.454639Z","level":"info","event":"  -   waiting 500ms","logger":"task.stdout"}
{"timestamp":"2025-12-04T17:44:16.454744Z","level":"info","event":"  -   waiting for element to be visible, enabled and stable","logger":"task.stdout"}
{"timestamp":"2025-12-04T17:44:16.454843Z","level":"info","event":"  -   element is not visible","logger":"task.stdout"}
{"timestamp":"2025-12-04T17:44:16.454980Z","level":"info","event":"  - retrying click action, attempt #39","logger":"task.stdout"}
{"timestamp":"2025-12-04T17:44:16.455072Z","level":"info","event":"  -   waiting 500ms","logger":"task.stdout"}
{"timestamp":"2025-12-04T17:44:16.455156Z","level":"info","event":"  -   waiting for element to be visible, enabled and stable","logger":"task.stdout"}
{"timestamp":"2025-12-04T17:44:16.455263Z","level":"info","event":"  -   element is not visible","logger":"task.stdout"}
{"timestamp":"2025-12-04T17:44:16.455354Z","level":"info","event":"  - retrying click action, attempt #40","logger":"task.stdout"}
{"timestamp":"2025-12-04T17:44:16.457115Z","level":"info","event":"  -   waiting 500ms","logger":"task.stdout"}
{"timestamp":"2025-12-04T17:44:16.457240Z","level":"info","event":"  -   waiting for element to be visible, enabled and stable","logger":"task.stdout"}
{"timestamp":"2025-12-04T17:44:16.464011Z","level":"info","event":"  -   element is not visible","logger":"task.stdout"}
{"timestamp":"2025-12-04T17:44:16.464144Z","level":"info","event":"  - retrying click action, attempt #41","logger":"task.stdout"}
{"timestamp":"2025-12-04T17:44:16.464256Z","level":"info","event":"  -   waiting 500ms","logger":"task.stdout"}
{"timestamp":"2025-12-04T17:44:16.464356Z","level":"info","event":"  -   waiting for element to be visible, enabled and stable","logger":"task.stdout"}
{"timestamp":"2025-12-04T17:44:16.464445Z","level":"info","event":"  -   element is not visible","logger":"task.stdout"}
{"timestamp":"2025-12-04T17:44:16.464536Z","level":"info","event":"  - retrying click action, attempt #42","logger":"task.stdout"}
{"timestamp":"2025-12-04T17:44:16.464619Z","level":"info","event":"  -   waiting 500ms","logger":"task.stdout"}
{"timestamp":"2025-12-04T17:44:16.464700Z","level":"info","event":"  -   waiting for element to be visible, enabled and stable","logger":"task.stdout"}
{"timestamp":"2025-12-04T17:44:16.464783Z","level":"info","event":"  -   element is not visible","logger":"task.stdout"}
{"timestamp":"2025-12-04T17:44:16.464866Z","level":"info","event":"  - retrying click action, attempt #43","logger":"task.stdout"}
{"timestamp":"2025-12-04T17:44:16.464991Z","level":"info","event":"  -   waiting 500ms","logger":"task.stdout"}
{"timestamp":"2025-12-04T17:44:16.465088Z","level":"info","event":"  -   waiting for element to be visible, enabled and stable","logger":"task.stdout"}
{"timestamp":"2025-12-04T17:44:16.465448Z","level":"info","event":"  -   element is not visible","logger":"task.stdout"}
{"timestamp":"2025-12-04T17:44:16.466972Z","level":"info","event":"  - retrying click action, attempt #44","logger":"task.stdout"}
{"timestamp":"2025-12-04T17:44:16.467245Z","level":"info","event":"  -   waiting 500ms","logger":"task.stdout"}
{"timestamp":"2025-12-04T17:44:16.469955Z","level":"info","event":"  -   waiting for element to be visible, enabled and stable","logger":"task.stdout"}
{"timestamp":"2025-12-04T17:44:16.473069Z","level":"info","event":"  -   element is not visible","logger":"task.stdout"}
{"timestamp":"2025-12-04T17:44:16.473210Z","level":"info","event":"  - retrying click action, attempt #45","logger":"task.stdout"}
{"timestamp":"2025-12-04T17:44:16.473322Z","level":"info","event":"  -   waiting 500ms","logger":"task.stdout"}
{"timestamp":"2025-12-04T17:44:16.473431Z","level":"info","event":"  -   waiting for element to be visible, enabled and stable","logger":"task.stdout"}
{"timestamp":"2025-12-04T17:44:16.473534Z","level":"info","event":"  -   element is not visible","logger":"task.stdout"}
{"timestamp":"2025-12-04T17:44:16.473637Z","level":"info","event":"  - retrying click action, attempt #46","logger":"task.stdout"}
{"timestamp":"2025-12-04T17:44:16.474083Z","level":"info","event":"  -   waiting 500ms","logger":"task.stdout"}
{"timestamp":"2025-12-04T17:44:16.475189Z","level":"info","event":"  -   waiting for element to be visible, enabled and stable","logger":"task.stdout"}
{"timestamp":"2025-12-04T17:44:16.475287Z","level":"info","event":"  -   element is not visible","logger":"task.stdout"}
{"timestamp":"2025-12-04T17:44:16.475365Z","level":"info","event":"  - retrying click action, attempt #47","logger":"task.stdout"}
{"timestamp":"2025-12-04T17:44:16.475443Z","level":"info","event":"  -   waiting 500ms","logger":"task.stdout"}
{"timestamp":"2025-12-04T17:44:16.475521Z","level":"info","event":"  -   waiting for element to be visible, enabled and stable","logger":"task.stdout"}
{"timestamp":"2025-12-04T17:44:16.475596Z","level":"info","event":"  -   element is not visible","logger":"task.stdout"}
{"timestamp":"2025-12-04T17:44:16.475666Z","level":"info","event":"  - retrying click action, attempt #48","logger":"task.stdout"}
{"timestamp":"2025-12-04T17:44:16.475730Z","level":"info","event":"  -   waiting 500ms","logger":"task.stdout"}
{"timestamp":"2025-12-04T17:44:16.475800Z","level":"info","event":"  -   waiting for element to be visible, enabled and stable","logger":"task.stdout"}
{"timestamp":"2025-12-04T17:44:16.475875Z","level":"info","event":"  -   element is not visible","logger":"task.stdout"}
{"timestamp":"2025-12-04T17:44:16.487058Z","level":"info","event":"  - retrying click action, attempt #49","logger":"task.stdout"}
{"timestamp":"2025-12-04T17:44:16.487181Z","level":"info","event":"  -   waiting 500ms","logger":"task.stdout"}
{"timestamp":"2025-12-04T17:44:16.487290Z","level":"info","event":"  -   waiting for element to be visible, enabled and stable","logger":"task.stdout"}
{"timestamp":"2025-12-04T17:44:16.487398Z","level":"info","event":"  -   element is not visible","logger":"task.stdout"}
{"timestamp":"2025-12-04T17:44:16.487501Z","level":"info","event":"  - retrying click action, attempt #50","logger":"task.stdout"}
{"timestamp":"2025-12-04T17:44:16.487603Z","level":"info","event":"  -   waiting 500ms","logger":"task.stdout"}
{"timestamp":"2025-12-04T17:44:16.487706Z","level":"info","event":"  -   waiting for element to be visible, enabled and stable","logger":"task.stdout"}
{"timestamp":"2025-12-04T17:44:16.487807Z","level":"info","event":"  -   element is not visible","logger":"task.stdout"}
{"timestamp":"2025-12-04T17:44:16.487938Z","level":"info","event":"  - retrying click action, attempt #51","logger":"task.stdout"}
{"timestamp":"2025-12-04T17:44:16.488339Z","level":"info","event":"  -   waiting 500ms","logger":"task.stdout"}
{"timestamp":"2025-12-04T17:44:16.488704Z","level":"info","event":"  -   waiting for element to be visible, enabled and stable","logger":"task.stdout"}
{"timestamp":"2025-12-04T17:44:16.489962Z","level":"info","event":"  -   element is not visible","logger":"task.stdout"}
{"timestamp":"2025-12-04T17:44:16.491955Z","level":"info","event":"  - retrying click action, attempt #52","logger":"task.stdout"}
{"timestamp":"2025-12-04T17:44:16.492074Z","level":"info","event":"  -   waiting 500ms","logger":"task.stdout"}
{"timestamp":"2025-12-04T17:44:16.492314Z","level":"info","event":"  -   waiting for element to be visible, enabled and stable","logger":"task.stdout"}
{"timestamp":"2025-12-04T17:44:16.500952Z","level":"info","event":"  -   element is not visible","logger":"task.stdout"}
{"timestamp":"2025-12-04T17:44:16.501087Z","level":"info","event":"  - retrying click action, attempt #53","logger":"task.stdout"}
{"timestamp":"2025-12-04T17:44:16.501201Z","level":"info","event":"  -   waiting 500ms","logger":"task.stdout"}
{"timestamp":"2025-12-04T17:44:16.501305Z","level":"info","event":"  -   waiting for element to be visible, enabled and stable","logger":"task.stdout"}
{"timestamp":"2025-12-04T17:44:16.501411Z","level":"info","event":"  -   element is not visible","logger":"task.stdout"}
{"timestamp":"2025-12-04T17:44:16.501487Z","level":"info","event":"  - retrying click action, attempt #54","logger":"task.stdout"}
{"timestamp":"2025-12-04T17:44:16.501565Z","level":"info","event":"  -   waiting 500ms","logger":"task.stdout"}
{"timestamp":"2025-12-04T17:44:16.501637Z","level":"info","event":"  -   waiting for element to be visible, enabled and stable","logger":"task.stdout"}
{"timestamp":"2025-12-04T17:44:16.501714Z","level":"info","event":"  -   element is not visible","logger":"task.stdout"}
{"timestamp":"2025-12-04T17:44:16.501786Z","level":"info","event":"  - retrying click action, attempt #55","logger":"task.stdout"}
{"timestamp":"2025-12-04T17:44:16.501979Z","level":"info","event":"  -   waiting 500ms","logger":"task.stdout"}
{"timestamp":"2025-12-04T17:44:16.502097Z","level":"info","event":"  -   waiting for element to be visible, enabled and stable","logger":"task.stdout"}
{"timestamp":"2025-12-04T17:44:16.502205Z","level":"info","event":"  -   element is not visible","logger":"task.stdout"}
{"timestamp":"2025-12-04T17:44:16.502310Z","level":"info","event":"  - retrying click action, attempt #56","logger":"task.stdout"}
{"timestamp":"2025-12-04T17:44:16.503086Z","level":"info","event":"  -   waiting 500ms","logger":"task.stdout"}
{"timestamp":"2025-12-04T17:44:16.504971Z","level":"info","event":"  -   waiting for element to be visible, enabled and stable","logger":"task.stdout"}
{"timestamp":"2025-12-04T17:44:16.511061Z","level":"info","event":"  -   element is not visible","logger":"task.stdout"}
{"timestamp":"2025-12-04T17:44:16.511188Z","level":"info","event":"  - retrying click action, attempt #57","logger":"task.stdout"}
{"timestamp":"2025-12-04T17:44:16.511285Z","level":"info","event":"  -   waiting 500ms","logger":"task.stdout"}
{"timestamp":"2025-12-04T17:44:16.511382Z","level":"info","event":"  -   waiting for element to be visible, enabled and stable","logger":"task.stdout"}
{"timestamp":"2025-12-04T17:44:16.511490Z","level":"info","event":"  -   element is not visible","logger":"task.stdout"}
{"timestamp":"2025-12-04T17:44:16.511594Z","level":"info","event":"  - retrying click action, attempt #58","logger":"task.stdout"}
{"timestamp":"2025-12-04T17:44:16.511698Z","level":"info","event":"  -   waiting 500ms","logger":"task.stdout"}
{"timestamp":"2025-12-04T17:44:16.511797Z","level":"info","event":"  -   waiting for element to be visible, enabled and stable","logger":"task.stdout"}
{"timestamp":"2025-12-04T17:44:16.511916Z","level":"info","event":"  -   element is not visible","logger":"task.stdout"}
{"timestamp":"2025-12-04T17:44:16.512958Z","level":"info","event":"  - retrying click action, attempt #59","logger":"task.stdout"}
{"timestamp":"2025-12-04T17:44:16.513947Z","level":"info","event":"  -   waiting 500ms","logger":"task.stdout"}
{"timestamp":"2025-12-04T17:44:16.514483Z","level":"info","event":"","logger":"task.stdout"}
{"timestamp":"2025-12-04T17:44:16.660210Z","level":"info","event":"Collected 104 items","logger":"task.stdout"}
{"timestamp":"2025-12-04T17:44:16.702799Z","level":"info","event":"Saved 104 items to data/output.parquet","logger":"task.stdout"}
{"timestamp":"2025-12-04T17:44:16.703360Z","level":"info","event":"Scraping completed, 104 items saved.","logger":"root","filename":"scraper.py","lineno":73}
{"timestamp":"2025-12-04T17:44:16.703823Z","level":"info","event":"Done. Returned value was: None","logger":"airflow.task.operators.airflow.providers.standard.operators.python.PythonOperator","filename":"python.py","lineno":215}
{"timestamp":"2025-12-04T17:44:16.733157Z","level":"info","event":"Task instance in success state","logger":"task.stdout"}
{"timestamp":"2025-12-04T17:44:16.733267Z","level":"info","event":" Previous state of the Task instance: TaskInstanceState.RUNNING","logger":"task.stdout"}
{"timestamp":"2025-12-04T17:44:16.733570Z","level":"info","event":"Task operator:<Task(PythonOperator): scrape_ispace>","logger":"task.stdout"}
